{"/Users/mehmeterenturanboy/Desktop/oli/ewf/worker-contract/packages/worker-example/test/bootstrap.ts": {"path":"/Users/mehmeterenturanboy/Desktop/oli/ewf/worker-contract/packages/worker-example/test/bootstrap.ts","statementMap":{"0":{"start":{"line":2,"column":0},"end":{"line":2,"column":38}},"1":{"start":{"line":3,"column":0},"end":{"line":3,"column":76}},"2":{"start":{"line":4,"column":0},"end":{"line":4,"column":69}},"3":{"start":{"line":5,"column":0},"end":{"line":5,"column":64}},"4":{"start":{"line":6,"column":0},"end":{"line":6,"column":56}},"5":{"start":{"line":8,"column":0},"end":{"line":8,"column":39}},"6":{"start":{"line":9,"column":0},"end":{"line":9,"column":49}},"7":{"start":{"line":10,"column":0},"end":{"line":10,"column":64}},"8":{"start":{"line":11,"column":0},"end":{"line":11,"column":73}},"9":{"start":{"line":12,"column":0},"end":{"line":12,"column":65}},"10":{"start":{"line":13,"column":0},"end":{"line":13,"column":73}},"11":{"start":{"line":14,"column":0},"end":{"line":14,"column":59}},"12":{"start":{"line":15,"column":0},"end":{"line":15,"column":78}},"13":{"start":{"line":16,"column":0},"end":{"line":16,"column":86}},"14":{"start":{"line":17,"column":0},"end":{"line":17,"column":52}},"15":{"start":{"line":19,"column":0},"end":{"line":19,"column":56}},"16":{"start":{"line":28,"column":10},"end":{"line":28,"column":61}},"17":{"start":{"line":29,"column":10},"end":{"line":29,"column":61}},"18":{"start":{"line":32,"column":17},"end":{"line":32,"column":21}},"19":{"start":{"line":34,"column":16},"end":{"line":56,"column":16}},"20":{"start":{"line":45,"column":33},"end":{"line":45,"column":75}},"21":{"start":{"line":50,"column":10},"end":{"line":50,"column":63}},"22":{"start":{"line":53,"column":10},"end":{"line":53,"column":72}},"23":{"start":{"line":59,"column":4},"end":{"line":59,"column":21}},"24":{"start":{"line":61,"column":22},"end":{"line":61,"column":46}},"25":{"start":{"line":62,"column":4},"end":{"line":62,"column":28}},"26":{"start":{"line":64,"column":4},"end":{"line":66,"column":null}},"27":{"start":{"line":65,"column":6},"end":{"line":65,"column":27}},"28":{"start":{"line":68,"column":4},"end":{"line":68,"column":44}},"29":{"start":{"line":69,"column":4},"end":{"line":69,"column":46}},"30":{"start":{"line":70,"column":4},"end":{"line":70,"column":44}},"31":{"start":{"line":71,"column":4},"end":{"line":71,"column":57}},"32":{"start":{"line":72,"column":4},"end":{"line":72,"column":42}},"33":{"start":{"line":73,"column":4},"end":{"line":73,"column":52}},"34":{"start":{"line":77,"column":4},"end":{"line":77,"column":37}},"35":{"start":{"line":79,"column":4},"end":{"line":79,"column":39}},"36":{"start":{"line":81,"column":4},"end":{"line":81,"column":37}},"37":{"start":{"line":85,"column":18},"end":{"line":85,"column":48}},"38":{"start":{"line":86,"column":22},"end":{"line":86,"column":128}},"39":{"start":{"line":87,"column":19},"end":{"line":104,"column":6}},"40":{"start":{"line":106,"column":23},"end":{"line":110,"column":14}},"41":{"start":{"line":112,"column":4},"end":{"line":112,"column":37}},"42":{"start":{"line":113,"column":4},"end":{"line":116,"column":7}},"43":{"start":{"line":117,"column":4},"end":{"line":117,"column":55}},"44":{"start":{"line":119,"column":4},"end":{"line":119,"column":60}},"45":{"start":{"line":120,"column":4},"end":{"line":120,"column":47}},"46":{"start":{"line":124,"column":4},"end":{"line":124,"column":57}},"47":{"start":{"line":124,"column":33},"end":{"line":124,"column":55}},"48":{"start":{"line":125,"column":4},"end":{"line":125,"column":37}},"49":{"start":{"line":126,"column":4},"end":{"line":126,"column":57}},"50":{"start":{"line":126,"column":33},"end":{"line":126,"column":55}},"51":{"start":{"line":128,"column":4},"end":{"line":128,"column":47}},"52":{"start":{"line":132,"column":4},"end":{"line":132,"column":58}},"53":{"start":{"line":132,"column":33},"end":{"line":132,"column":56}},"54":{"start":{"line":133,"column":4},"end":{"line":133,"column":62}},"55":{"start":{"line":134,"column":4},"end":{"line":134,"column":58}},"56":{"start":{"line":134,"column":33},"end":{"line":134,"column":56}},"57":{"start":{"line":136,"column":4},"end":{"line":136,"column":47}},"58":{"start":{"line":140,"column":4},"end":{"line":150,"column":6}},"59":{"start":{"line":154,"column":4},"end":{"line":162,"column":6}},"60":{"start":{"line":166,"column":4},"end":{"line":173,"column":6}},"61":{"start":{"line":177,"column":53},"end":{"line":177,"column":58}},"62":{"start":{"line":178,"column":24},"end":{"line":188,"column":46}},"63":{"start":{"line":179,"column":16},"end":{"line":179,"column":20}},"64":{"start":{"line":180,"column":25},"end":{"line":187,"column":null}},"65":{"start":{"line":190,"column":30},"end":{"line":190,"column":60}},"66":{"start":{"line":191,"column":17},"end":{"line":193,"column":65}},"67":{"start":{"line":195,"column":4},"end":{"line":206,"column":6}},"68":{"start":{"line":200,"column":60},"end":{"line":200,"column":93}},"69":{"start":{"line":201,"column":58},"end":{"line":201,"column":90}},"70":{"start":{"line":202,"column":59},"end":{"line":202,"column":93}},"71":{"start":{"line":21,"column":0},"end":{"line":21,"column":13}}},"fnMap":{"0":{"name":"(anonymous_0)","decl":{"start":{"line":21,"column":0},"end":{"line":21,"column":13}},"loc":{"start":{"line":21,"column":0},"end":{"line":208,"column":1}}},"1":{"name":"(anonymous_1)","decl":{"start":{"line":31,"column":9},"end":{"line":31,"column":14}},"loc":{"start":{"line":31,"column":42},"end":{"line":74,"column":3}}},"2":{"name":"(anonymous_2)","decl":{"start":{"line":45,"column":8},"end":{"line":45,"column":13}},"loc":{"start":{"line":45,"column":30},"end":{"line":45,"column":77}}},"3":{"name":"(anonymous_3)","decl":{"start":{"line":49,"column":8},"end":{"line":49,"column":13}},"loc":{"start":{"line":49,"column":54},"end":{"line":51,"column":9}}},"4":{"name":"(anonymous_4)","decl":{"start":{"line":52,"column":8},"end":{"line":52,"column":13}},"loc":{"start":{"line":52,"column":51},"end":{"line":54,"column":9}}},"5":{"name":"(anonymous_5)","decl":{"start":{"line":76,"column":9},"end":{"line":76,"column":14}},"loc":{"start":{"line":76,"column":20},"end":{"line":82,"column":3}}},"6":{"name":"(anonymous_6)","decl":{"start":{"line":84,"column":9},"end":{"line":84,"column":14}},"loc":{"start":{"line":84,"column":95},"end":{"line":121,"column":3}}},"7":{"name":"(anonymous_7)","decl":{"start":{"line":123,"column":9},"end":{"line":123,"column":14}},"loc":{"start":{"line":123,"column":42},"end":{"line":129,"column":3}}},"8":{"name":"(anonymous_8)","decl":{"start":{"line":124,"column":22},"end":{"line":124,"column":29}},"loc":{"start":{"line":124,"column":33},"end":{"line":124,"column":55}}},"9":{"name":"(anonymous_9)","decl":{"start":{"line":126,"column":22},"end":{"line":126,"column":29}},"loc":{"start":{"line":126,"column":33},"end":{"line":126,"column":55}}},"10":{"name":"(anonymous_10)","decl":{"start":{"line":131,"column":9},"end":{"line":131,"column":14}},"loc":{"start":{"line":131,"column":42},"end":{"line":137,"column":3}}},"11":{"name":"(anonymous_11)","decl":{"start":{"line":132,"column":22},"end":{"line":132,"column":29}},"loc":{"start":{"line":132,"column":33},"end":{"line":132,"column":56}}},"12":{"name":"(anonymous_12)","decl":{"start":{"line":134,"column":22},"end":{"line":134,"column":29}},"loc":{"start":{"line":134,"column":33},"end":{"line":134,"column":56}}},"13":{"name":"(anonymous_13)","decl":{"start":{"line":139,"column":9},"end":{"line":139,"column":19}},"loc":{"start":{"line":139,"column":51},"end":{"line":151,"column":3}}},"14":{"name":"(anonymous_14)","decl":{"start":{"line":153,"column":9},"end":{"line":153,"column":16}},"loc":{"start":{"line":153,"column":61},"end":{"line":163,"column":3}}},"15":{"name":"(anonymous_15)","decl":{"start":{"line":165,"column":9},"end":{"line":165,"column":20}},"loc":{"start":{"line":165,"column":52},"end":{"line":174,"column":3}}},"16":{"name":"(anonymous_16)","decl":{"start":{"line":176,"column":10},"end":{"line":176,"column":29}},"loc":{"start":{"line":176,"column":49},"end":{"line":207,"column":3}}},"17":{"name":"(anonymous_17)","decl":{"start":{"line":179,"column":11},"end":{"line":179,"column":12}},"loc":{"start":{"line":179,"column":16},"end":{"line":179,"column":20}}},"18":{"name":"(anonymous_18)","decl":{"start":{"line":180,"column":14},"end":{"line":180,"column":15}},"loc":{"start":{"line":180,"column":25},"end":{"line":187,"column":null}}},"19":{"name":"(anonymous_19)","decl":{"start":{"line":200,"column":37},"end":{"line":200,"column":38}},"loc":{"start":{"line":200,"column":60},"end":{"line":200,"column":93}}},"20":{"name":"(anonymous_20)","decl":{"start":{"line":201,"column":35},"end":{"line":201,"column":36}},"loc":{"start":{"line":201,"column":58},"end":{"line":201,"column":90}}},"21":{"name":"(anonymous_21)","decl":{"start":{"line":202,"column":31},"end":{"line":202,"column":32}},"loc":{"start":{"line":202,"column":59},"end":{"line":202,"column":93}}}},"branchMap":{"0":{"loc":{"start":{"line":31,"column":21},"end":{"line":31,"column":42}},"type":"default-arg","locations":[{"start":{"line":31,"column":37},"end":{"line":31,"column":42}}]},"1":{"loc":{"start":{"line":50,"column":17},"end":{"line":50,"column":62}},"type":"cond-expr","locations":[{"start":{"line":50,"column":54},"end":{"line":50,"column":58}},{"start":{"line":50,"column":58},"end":{"line":50,"column":62}}]},"2":{"loc":{"start":{"line":50,"column":17},"end":{"line":50,"column":58}},"type":"binary-expr","locations":[{"start":{"line":50,"column":17},"end":{"line":50,"column":58}},{"start":{"line":50,"column":54},"end":{"line":50,"column":58}}]},"3":{"loc":{"start":{"line":53,"column":25},"end":{"line":53,"column":70}},"type":"cond-expr","locations":[{"start":{"line":53,"column":62},"end":{"line":53,"column":66}},{"start":{"line":53,"column":66},"end":{"line":53,"column":70}}]},"4":{"loc":{"start":{"line":53,"column":25},"end":{"line":53,"column":66}},"type":"binary-expr","locations":[{"start":{"line":53,"column":25},"end":{"line":53,"column":66}},{"start":{"line":53,"column":62},"end":{"line":53,"column":66}}]},"5":{"loc":{"start":{"line":64,"column":4},"end":{"line":66,"column":null}},"type":"if","locations":[{"start":{"line":64,"column":4},"end":{"line":66,"column":null}}]},"6":{"loc":{"start":{"line":191,"column":17},"end":{"line":193,"column":65}},"type":"cond-expr","locations":[{"start":{"line":192,"column":8},"end":{"line":192,"column":23}},{"start":{"line":193,"column":8},"end":{"line":193,"column":65}}]},"7":{"loc":{"start":{"line":204,"column":25},"end":{"line":204,"column":43}},"type":"cond-expr","locations":[{"start":{"line":204,"column":37},"end":{"line":204,"column":41}},{"start":{"line":204,"column":41},"end":{"line":204,"column":43}}]},"8":{"loc":{"start":{"line":204,"column":25},"end":{"line":204,"column":41}},"type":"binary-expr","locations":[{"start":{"line":204,"column":25},"end":{"line":204,"column":41}},{"start":{"line":204,"column":37},"end":{"line":204,"column":41}}]},"9":{"loc":{"start":{"line":205,"column":31},"end":{"line":205,"column":52}},"type":"cond-expr","locations":[{"start":{"line":205,"column":46},"end":{"line":205,"column":50}},{"start":{"line":205,"column":50},"end":{"line":205,"column":52}}]},"10":{"loc":{"start":{"line":205,"column":31},"end":{"line":205,"column":50}},"type":"binary-expr","locations":[{"start":{"line":205,"column":31},"end":{"line":205,"column":50}},{"start":{"line":205,"column":46},"end":{"line":205,"column":50}}]}},"s":{"0":0,"1":0,"2":0,"3":0,"4":0,"5":0,"6":0,"7":0,"8":0,"9":0,"10":0,"11":0,"12":0,"13":0,"14":0,"15":0,"16":0,"17":0,"18":0,"19":0,"20":0,"21":0,"22":0,"23":0,"24":0,"25":0,"26":0,"27":0,"28":0,"29":0,"30":0,"31":0,"32":0,"33":0,"34":0,"35":0,"36":0,"37":0,"38":0,"39":0,"40":0,"41":0,"42":0,"43":0,"44":0,"45":0,"46":0,"47":0,"48":0,"49":0,"50":0,"51":0,"52":0,"53":0,"54":0,"55":0,"56":0,"57":0,"58":0,"59":0,"60":0,"61":0,"62":0,"63":0,"64":0,"65":0,"66":0,"67":0,"68":0,"69":0,"70":0,"71":0},"f":{"0":0,"1":0,"2":0,"3":0,"4":0,"5":0,"6":0,"7":0,"8":0,"9":0,"10":0,"11":0,"12":0,"13":0,"14":0,"15":0,"16":0,"17":0,"18":0,"19":0,"20":0,"21":0},"b":{"0":[0],"1":[0,0],"2":[0,0],"3":[0,0],"4":[0,0],"5":[0],"6":[0,0],"7":[0,0],"8":[0,0],"9":[0,0],"10":[0,0]}}
,"/Users/mehmeterenturanboy/Desktop/oli/ewf/worker-contract/packages/worker-example/test/helpers.ts": {"path":"/Users/mehmeterenturanboy/Desktop/oli/ewf/worker-contract/packages/worker-example/test/helpers.ts","statementMap":{"0":{"start":{"line":2,"column":0},"end":{"line":2,"column":47}},"1":{"start":{"line":3,"column":0},"end":{"line":3,"column":35}},"2":{"start":{"line":5,"column":39},"end":{"line":5,"column":49}},"3":{"start":{"line":8,"column":26},"end":{"line":13,"column":1}},"4":{"start":{"line":10,"column":21},"end":{"line":10,"column":102}},"5":{"start":{"line":10,"column":55},"end":{"line":10,"column":101}},"6":{"start":{"line":10,"column":75},"end":{"line":10,"column":80}},"7":{"start":{"line":10,"column":84},"end":{"line":10,"column":91}},"8":{"start":{"line":10,"column":96},"end":{"line":10,"column":101}},"9":{"start":{"line":12,"column":2},"end":{"line":12,"column":44}},"10":{"start":{"line":8,"column":13},"end":{"line":8,"column":26}},"11":{"start":{"line":15,"column":34},"end":{"line":20,"column":1}},"12":{"start":{"line":19,"column":2},"end":{"line":19,"column":54}},"13":{"start":{"line":15,"column":13},"end":{"line":15,"column":34}},"14":{"start":{"line":22,"column":17},"end":{"line":34,"column":2}},"15":{"start":{"line":28,"column":6},"end":{"line":34,"column":2}},"16":{"start":{"line":22,"column":13},"end":{"line":22,"column":17}},"17":{"start":{"line":36,"column":32},"end":{"line":140,"column":1}},"18":{"start":{"line":37,"column":22},"end":{"line":57,"column":null}},"19":{"start":{"line":38,"column":18},"end":{"line":38,"column":23}},"20":{"start":{"line":38,"column":27},"end":{"line":38,"column":31}},"21":{"start":{"line":39,"column":28},"end":{"line":39,"column":72}},"22":{"start":{"line":41,"column":23},"end":{"line":45,"column":8}},"23":{"start":{"line":47,"column":6},"end":{"line":55,"column":null}},"24":{"start":{"line":48,"column":8},"end":{"line":54,"column":11}},"25":{"start":{"line":56,"column":6},"end":{"line":56,"column":22}},"26":{"start":{"line":60,"column":20},"end":{"line":99,"column":null}},"27":{"start":{"line":71,"column":17},"end":{"line":79,"column":null}},"28":{"start":{"line":81,"column":28},"end":{"line":81,"column":66}},"29":{"start":{"line":82,"column":23},"end":{"line":86,"column":8}},"30":{"start":{"line":88,"column":6},"end":{"line":96,"column":null}},"31":{"start":{"line":89,"column":8},"end":{"line":95,"column":11}},"32":{"start":{"line":98,"column":6},"end":{"line":98,"column":22}},"33":{"start":{"line":102,"column":19},"end":{"line":137,"column":4}},"34":{"start":{"line":112,"column":18},"end":{"line":116,"column":6}},"35":{"start":{"line":118,"column":26},"end":{"line":118,"column":64}},"36":{"start":{"line":120,"column":21},"end":{"line":124,"column":6}},"37":{"start":{"line":126,"column":4},"end":{"line":134,"column":null}},"38":{"start":{"line":127,"column":6},"end":{"line":133,"column":9}},"39":{"start":{"line":136,"column":4},"end":{"line":136,"column":20}},"40":{"start":{"line":139,"column":2},"end":{"line":139,"column":46}},"41":{"start":{"line":36,"column":13},"end":{"line":36,"column":32}}},"fnMap":{"0":{"name":"(anonymous_1)","decl":{"start":{"line":8,"column":26},"end":{"line":8,"column":27}},"loc":{"start":{"line":8,"column":62},"end":{"line":13,"column":1}}},"1":{"name":"(anonymous_2)","decl":{"start":{"line":10,"column":50},"end":{"line":10,"column":51}},"loc":{"start":{"line":10,"column":55},"end":{"line":10,"column":101}}},"2":{"name":"(anonymous_3)","decl":{"start":{"line":10,"column":61},"end":{"line":10,"column":62}},"loc":{"start":{"line":10,"column":95},"end":{"line":10,"column":101}}},"3":{"name":"(anonymous_4)","decl":{"start":{"line":15,"column":34},"end":{"line":15,"column":null}},"loc":{"start":{"line":18,"column":4},"end":{"line":20,"column":1}}},"4":{"name":"(anonymous_5)","decl":{"start":{"line":22,"column":17},"end":{"line":22,"column":null}},"loc":{"start":{"line":28,"column":6},"end":{"line":34,"column":2}}},"5":{"name":"(anonymous_6)","decl":{"start":{"line":36,"column":32},"end":{"line":36,"column":33}},"loc":{"start":{"line":36,"column":90},"end":{"line":140,"column":1}}},"6":{"name":"(anonymous_7)","decl":{"start":{"line":38,"column":4},"end":{"line":38,"column":5}},"loc":{"start":{"line":38,"column":33},"end":{"line":57,"column":5}}},"7":{"name":"(anonymous_8)","decl":{"start":{"line":61,"column":4},"end":{"line":61,"column":5}},"loc":{"start":{"line":70,"column":9},"end":{"line":99,"column":5}}},"8":{"name":"(anonymous_9)","decl":{"start":{"line":105,"column":10},"end":{"line":105,"column":11}},"loc":{"start":{"line":111,"column":7},"end":{"line":137,"column":3}}}},"branchMap":{"0":{"loc":{"start":{"line":27,"column":2},"end":{"line":27,"column":24}},"type":"default-arg","locations":[{"start":{"line":27,"column":23},"end":{"line":27,"column":24}}]},"1":{"loc":{"start":{"line":47,"column":6},"end":{"line":55,"column":null}},"type":"if","locations":[{"start":{"line":47,"column":6},"end":{"line":55,"column":null}}]},"2":{"loc":{"start":{"line":88,"column":6},"end":{"line":96,"column":null}},"type":"if","locations":[{"start":{"line":88,"column":6},"end":{"line":96,"column":null}}]},"3":{"loc":{"start":{"line":126,"column":4},"end":{"line":134,"column":null}},"type":"if","locations":[{"start":{"line":126,"column":4},"end":{"line":134,"column":null}}]},"4":{"loc":{"start":{"line":139,"column":9},"end":{"line":139,"column":45}},"type":"binary-expr","locations":[{"start":{"line":139,"column":9},"end":{"line":139,"column":18}},{"start":{"line":139,"column":22},"end":{"line":139,"column":33}},{"start":{"line":139,"column":37},"end":{"line":139,"column":45}}]}},"s":{"0":0,"1":0,"2":0,"3":0,"4":0,"5":0,"6":0,"7":0,"8":0,"9":0,"10":0,"11":0,"12":0,"13":0,"14":0,"15":0,"16":0,"17":0,"18":0,"19":0,"20":0,"21":0,"22":0,"23":0,"24":0,"25":0,"26":0,"27":0,"28":0,"29":0,"30":0,"31":0,"32":0,"33":0,"34":0,"35":0,"36":0,"37":0,"38":0,"39":0,"40":0,"41":0},"f":{"0":0,"1":0,"2":0,"3":0,"4":0,"5":0,"6":0,"7":0,"8":0},"b":{"0":[0],"1":[0],"2":[0],"3":[0],"4":[0,0,0]}}
,"/Users/mehmeterenturanboy/Desktop/oli/ewf/worker-contract/packages/worker-example/test/input.builder.ts": {"path":"/Users/mehmeterenturanboy/Desktop/oli/ewf/worker-contract/packages/worker-example/test/input.builder.ts","statementMap":{"0":{"start":{"line":4,"column":33},"end":{"line":8,"column":2}},"1":{"start":{"line":13,"column":21},"end":{"line":13,"column":90}},"2":{"start":{"line":14,"column":21},"end":{"line":14,"column":31}},"3":{"start":{"line":15,"column":21},"end":{"line":15,"column":35}},"4":{"start":{"line":16,"column":21},"end":{"line":16,"column":32}},"5":{"start":{"line":20,"column":4},"end":{"line":20,"column":71}},"6":{"start":{"line":24,"column":4},"end":{"line":24,"column":71}},"7":{"start":{"line":28,"column":4},"end":{"line":28,"column":71}},"8":{"start":{"line":32,"column":4},"end":{"line":32,"column":58}},"9":{"start":{"line":39,"column":21},"end":{"line":39,"column":95}},"10":{"start":{"line":40,"column":21},"end":{"line":40,"column":31}},"11":{"start":{"line":41,"column":21},"end":{"line":41,"column":35}},"12":{"start":{"line":45,"column":4},"end":{"line":45,"column":64}},"13":{"start":{"line":49,"column":4},"end":{"line":49,"column":64}},"14":{"start":{"line":53,"column":4},"end":{"line":53,"column":48}},"15":{"start":{"line":61,"column":21},"end":{"line":61,"column":97}},"16":{"start":{"line":62,"column":21},"end":{"line":62,"column":31}},"17":{"start":{"line":63,"column":21},"end":{"line":63,"column":35}},"18":{"start":{"line":67,"column":4},"end":{"line":67,"column":65}},"19":{"start":{"line":71,"column":4},"end":{"line":71,"column":65}},"20":{"start":{"line":75,"column":4},"end":{"line":75,"column":48}},"21":{"start":{"line":81,"column":39},"end":{"line":81,"column":54}},"22":{"start":{"line":81,"column":64},"end":{"line":81,"column":85}},"23":{"start":{"line":84,"column":4},"end":{"line":94,"column":6}},"24":{"start":{"line":86,"column":8},"end":{"line":89,"column":11}},"25":{"start":{"line":98,"column":4},"end":{"line":107,"column":6}},"26":{"start":{"line":100,"column":8},"end":{"line":103,"column":11}},"27":{"start":{"line":111,"column":4},"end":{"line":120,"column":6}},"28":{"start":{"line":113,"column":8},"end":{"line":116,"column":11}},"29":{"start":{"line":124,"column":4},"end":{"line":124,"column":40}},"30":{"start":{"line":125,"column":4},"end":{"line":125,"column":27}},"31":{"start":{"line":129,"column":4},"end":{"line":129,"column":34}},"32":{"start":{"line":79,"column":0},"end":{"line":79,"column":13}}},"fnMap":{"0":{"name":"(anonymous_0)","decl":{"start":{"line":12,"column":2},"end":{"line":12,"column":null}},"loc":{"start":{"line":16,"column":32},"end":{"line":17,"column":6}}},"1":{"name":"(anonymous_1)","decl":{"start":{"line":19,"column":2},"end":{"line":19,"column":8}},"loc":{"start":{"line":19,"column":19},"end":{"line":21,"column":3}}},"2":{"name":"(anonymous_2)","decl":{"start":{"line":23,"column":2},"end":{"line":23,"column":12}},"loc":{"start":{"line":23,"column":27},"end":{"line":25,"column":3}}},"3":{"name":"(anonymous_3)","decl":{"start":{"line":27,"column":2},"end":{"line":27,"column":9}},"loc":{"start":{"line":27,"column":21},"end":{"line":29,"column":3}}},"4":{"name":"(anonymous_4)","decl":{"start":{"line":31,"column":2},"end":{"line":31,"column":5}},"loc":{"start":{"line":31,"column":5},"end":{"line":33,"column":3}}},"5":{"name":"(anonymous_5)","decl":{"start":{"line":38,"column":2},"end":{"line":38,"column":null}},"loc":{"start":{"line":41,"column":35},"end":{"line":42,"column":6}}},"6":{"name":"(anonymous_6)","decl":{"start":{"line":44,"column":2},"end":{"line":44,"column":8}},"loc":{"start":{"line":44,"column":19},"end":{"line":46,"column":3}}},"7":{"name":"(anonymous_7)","decl":{"start":{"line":48,"column":2},"end":{"line":48,"column":12}},"loc":{"start":{"line":48,"column":27},"end":{"line":50,"column":3}}},"8":{"name":"(anonymous_8)","decl":{"start":{"line":52,"column":2},"end":{"line":52,"column":5}},"loc":{"start":{"line":52,"column":5},"end":{"line":54,"column":3}}},"9":{"name":"(anonymous_9)","decl":{"start":{"line":60,"column":2},"end":{"line":60,"column":null}},"loc":{"start":{"line":63,"column":35},"end":{"line":64,"column":6}}},"10":{"name":"(anonymous_10)","decl":{"start":{"line":66,"column":2},"end":{"line":66,"column":8}},"loc":{"start":{"line":66,"column":19},"end":{"line":68,"column":3}}},"11":{"name":"(anonymous_11)","decl":{"start":{"line":70,"column":2},"end":{"line":70,"column":12}},"loc":{"start":{"line":70,"column":27},"end":{"line":72,"column":3}}},"12":{"name":"(anonymous_12)","decl":{"start":{"line":74,"column":2},"end":{"line":74,"column":5}},"loc":{"start":{"line":74,"column":5},"end":{"line":76,"column":3}}},"13":{"name":"(anonymous_13)","decl":{"start":{"line":81,"column":2},"end":{"line":81,"column":39}},"loc":{"start":{"line":81,"column":95},"end":{"line":81,"column":99}}},"14":{"name":"(anonymous_14)","decl":{"start":{"line":83,"column":2},"end":{"line":83,"column":13}},"loc":{"start":{"line":83,"column":13},"end":{"line":95,"column":3}}},"15":{"name":"(anonymous_15)","decl":{"start":{"line":85,"column":6},"end":{"line":85,"column":7}},"loc":{"start":{"line":85,"column":18},"end":{"line":90,"column":7}}},"16":{"name":"(anonymous_16)","decl":{"start":{"line":97,"column":2},"end":{"line":97,"column":16}},"loc":{"start":{"line":97,"column":16},"end":{"line":108,"column":3}}},"17":{"name":"(anonymous_17)","decl":{"start":{"line":99,"column":6},"end":{"line":99,"column":7}},"loc":{"start":{"line":99,"column":21},"end":{"line":104,"column":7}}},"18":{"name":"(anonymous_18)","decl":{"start":{"line":110,"column":2},"end":{"line":110,"column":17}},"loc":{"start":{"line":110,"column":17},"end":{"line":121,"column":3}}},"19":{"name":"(anonymous_19)","decl":{"start":{"line":112,"column":6},"end":{"line":112,"column":7}},"loc":{"start":{"line":112,"column":22},"end":{"line":117,"column":7}}},"20":{"name":"(anonymous_20)","decl":{"start":{"line":123,"column":2},"end":{"line":123,"column":7}},"loc":{"start":{"line":123,"column":13},"end":{"line":126,"column":3}}},"21":{"name":"(anonymous_21)","decl":{"start":{"line":128,"column":9},"end":{"line":128,"column":15}},"loc":{"start":{"line":128,"column":38},"end":{"line":130,"column":3}}}},"branchMap":{"0":{"loc":{"start":{"line":81,"column":64},"end":{"line":81,"column":95}},"type":"default-arg","locations":[{"start":{"line":81,"column":85},"end":{"line":81,"column":95}}]}},"s":{"0":0,"1":0,"2":0,"3":0,"4":0,"5":0,"6":0,"7":0,"8":0,"9":0,"10":0,"11":0,"12":0,"13":0,"14":0,"15":0,"16":0,"17":0,"18":0,"19":0,"20":0,"21":0,"22":0,"23":0,"24":0,"25":0,"26":0,"27":0,"28":0,"29":0,"30":0,"31":0,"32":0},"f":{"0":0,"1":0,"2":0,"3":0,"4":0,"5":0,"6":0,"7":0,"8":0,"9":0,"10":0,"11":0,"12":0,"13":0,"14":0,"15":0,"16":0,"17":0,"18":0,"19":0,"20":0,"21":0},"b":{"0":[0]}}
,"/Users/mehmeterenturanboy/Desktop/oli/ewf/worker-contract/packages/worker-example/test/jest-unit.js": {"path":"/Users/mehmeterenturanboy/Desktop/oli/ewf/worker-contract/packages/worker-example/test/jest-unit.js","statementMap":{"0":{"start":{"line":1,"column":0},"end":{"line":1,"column":30}},"1":{"start":{"line":2,"column":0},"end":{"line":2,"column":56}},"2":{"start":{"line":3,"column":0},"end":{"line":3,"column":29}},"3":{"start":{"line":4,"column":0},"end":{"line":4,"column":50}},"4":{"start":{"line":5,"column":0},"end":{"line":5,"column":87}},"5":{"start":{"line":6,"column":0},"end":{"line":6,"column":105}},"6":{"start":{"line":7,"column":0},"end":{"line":7,"column":88}},"7":{"start":{"line":9,"column":0},"end":{"line":17,"column":2}}},"fnMap":{},"branchMap":{},"s":{"0":0,"1":0,"2":0,"3":0,"4":0,"5":0,"6":0,"7":0},"f":{},"b":{}}
}
