TN:
SF:test/bootstrap.ts
FN:21,(anonymous_0)
FN:31,(anonymous_1)
FN:45,(anonymous_2)
FN:49,(anonymous_3)
FN:52,(anonymous_4)
FN:76,(anonymous_5)
FN:84,(anonymous_6)
FN:123,(anonymous_7)
FN:124,(anonymous_8)
FN:126,(anonymous_9)
FN:131,(anonymous_10)
FN:132,(anonymous_11)
FN:134,(anonymous_12)
FN:139,(anonymous_13)
FN:153,(anonymous_14)
FN:165,(anonymous_15)
FN:176,(anonymous_16)
FN:179,(anonymous_17)
FN:180,(anonymous_18)
FN:200,(anonymous_19)
FN:201,(anonymous_20)
FN:202,(anonymous_21)
FNF:22
FNH:0
FNDA:0,(anonymous_0)
FNDA:0,(anonymous_1)
FNDA:0,(anonymous_2)
FNDA:0,(anonymous_3)
FNDA:0,(anonymous_4)
FNDA:0,(anonymous_5)
FNDA:0,(anonymous_6)
FNDA:0,(anonymous_7)
FNDA:0,(anonymous_8)
FNDA:0,(anonymous_9)
FNDA:0,(anonymous_10)
FNDA:0,(anonymous_11)
FNDA:0,(anonymous_12)
FNDA:0,(anonymous_13)
FNDA:0,(anonymous_14)
FNDA:0,(anonymous_15)
FNDA:0,(anonymous_16)
FNDA:0,(anonymous_17)
FNDA:0,(anonymous_18)
FNDA:0,(anonymous_19)
FNDA:0,(anonymous_20)
FNDA:0,(anonymous_21)
DA:2,0
DA:3,0
DA:4,0
DA:5,0
DA:6,0
DA:8,0
DA:9,0
DA:10,0
DA:11,0
DA:12,0
DA:13,0
DA:14,0
DA:15,0
DA:16,0
DA:17,0
DA:19,0
DA:21,0
DA:28,0
DA:29,0
DA:32,0
DA:34,0
DA:45,0
DA:50,0
DA:53,0
DA:59,0
DA:61,0
DA:62,0
DA:64,0
DA:65,0
DA:68,0
DA:69,0
DA:70,0
DA:71,0
DA:72,0
DA:73,0
DA:77,0
DA:79,0
DA:81,0
DA:85,0
DA:86,0
DA:87,0
DA:106,0
DA:112,0
DA:113,0
DA:117,0
DA:119,0
DA:120,0
DA:124,0
DA:125,0
DA:126,0
DA:128,0
DA:132,0
DA:133,0
DA:134,0
DA:136,0
DA:140,0
DA:154,0
DA:166,0
DA:177,0
DA:178,0
DA:179,0
DA:180,0
DA:190,0
DA:191,0
DA:195,0
DA:200,0
DA:201,0
DA:202,0
LF:68
LH:0
BRDA:31,0,0,0
BRDA:50,1,0,0
BRDA:50,1,1,0
BRDA:50,2,0,0
BRDA:50,2,1,0
BRDA:53,3,0,0
BRDA:53,3,1,0
BRDA:53,4,0,0
BRDA:53,4,1,0
BRDA:64,5,0,0
BRDA:191,6,0,0
BRDA:191,6,1,0
BRDA:204,7,0,0
BRDA:204,7,1,0
BRDA:204,8,0,0
BRDA:204,8,1,0
BRDA:205,9,0,0
BRDA:205,9,1,0
BRDA:205,10,0,0
BRDA:205,10,1,0
BRF:20
BRH:0
end_of_record
TN:
SF:test/helpers.ts
FN:8,(anonymous_1)
FN:10,(anonymous_2)
FN:10,(anonymous_3)
FN:15,(anonymous_4)
FN:22,(anonymous_5)
FN:36,(anonymous_6)
FN:38,(anonymous_7)
FN:61,(anonymous_8)
FN:105,(anonymous_9)
FNF:9
FNH:0
FNDA:0,(anonymous_1)
FNDA:0,(anonymous_2)
FNDA:0,(anonymous_3)
FNDA:0,(anonymous_4)
FNDA:0,(anonymous_5)
FNDA:0,(anonymous_6)
FNDA:0,(anonymous_7)
FNDA:0,(anonymous_8)
FNDA:0,(anonymous_9)
DA:2,0
DA:3,0
DA:5,0
DA:8,0
DA:10,0
DA:12,0
DA:15,0
DA:19,0
DA:22,0
DA:28,0
DA:36,0
DA:37,0
DA:38,0
DA:39,0
DA:41,0
DA:47,0
DA:48,0
DA:56,0
DA:60,0
DA:71,0
DA:81,0
DA:82,0
DA:88,0
DA:89,0
DA:98,0
DA:102,0
DA:112,0
DA:118,0
DA:120,0
DA:126,0
DA:127,0
DA:136,0
DA:139,0
LF:33
LH:0
BRDA:27,0,0,0
BRDA:47,1,0,0
BRDA:88,2,0,0
BRDA:126,3,0,0
BRDA:139,4,0,0
BRDA:139,4,1,0
BRDA:139,4,2,0
BRF:7
BRH:0
end_of_record
TN:
SF:test/input.builder.ts
FN:12,(anonymous_0)
FN:19,(anonymous_1)
FN:23,(anonymous_2)
FN:27,(anonymous_3)
FN:31,(anonymous_4)
FN:38,(anonymous_5)
FN:44,(anonymous_6)
FN:48,(anonymous_7)
FN:52,(anonymous_8)
FN:60,(anonymous_9)
FN:66,(anonymous_10)
FN:70,(anonymous_11)
FN:74,(anonymous_12)
FN:81,(anonymous_13)
FN:83,(anonymous_14)
FN:85,(anonymous_15)
FN:97,(anonymous_16)
FN:99,(anonymous_17)
FN:110,(anonymous_18)
FN:112,(anonymous_19)
FN:123,(anonymous_20)
FN:128,(anonymous_21)
FNF:22
FNH:0
FNDA:0,(anonymous_0)
FNDA:0,(anonymous_1)
FNDA:0,(anonymous_2)
FNDA:0,(anonymous_3)
FNDA:0,(anonymous_4)
FNDA:0,(anonymous_5)
FNDA:0,(anonymous_6)
FNDA:0,(anonymous_7)
FNDA:0,(anonymous_8)
FNDA:0,(anonymous_9)
FNDA:0,(anonymous_10)
FNDA:0,(anonymous_11)
FNDA:0,(anonymous_12)
FNDA:0,(anonymous_13)
FNDA:0,(anonymous_14)
FNDA:0,(anonymous_15)
FNDA:0,(anonymous_16)
FNDA:0,(anonymous_17)
FNDA:0,(anonymous_18)
FNDA:0,(anonymous_19)
FNDA:0,(anonymous_20)
FNDA:0,(anonymous_21)
DA:4,0
DA:13,0
DA:14,0
DA:15,0
DA:16,0
DA:20,0
DA:24,0
DA:28,0
DA:32,0
DA:39,0
DA:40,0
DA:41,0
DA:45,0
DA:49,0
DA:53,0
DA:61,0
DA:62,0
DA:63,0
DA:67,0
DA:71,0
DA:75,0
DA:79,0
DA:81,0
DA:84,0
DA:86,0
DA:98,0
DA:100,0
DA:111,0
DA:113,0
DA:124,0
DA:125,0
DA:129,0
LF:32
LH:0
BRDA:81,0,0,0
BRF:1
BRH:0
end_of_record
TN:
SF:test/jest-unit.js
FNF:0
FNH:0
DA:1,0
DA:2,0
DA:3,0
DA:4,0
DA:5,0
DA:6,0
DA:7,0
DA:9,0
LF:8
LH:0
BRF:0
BRH:0
end_of_record
